# JRE version: OpenJDK Runtime Environment AdoptOpenJDK (15.0+36) (build 15+36)
# Java VM: OpenJDK 64-Bit Server VM AdoptOpenJDK (15+36, mixed mode, sharing, tiered, compressed oops, g1 gc, windows-amd64)
GC Precious Log:
 CPUs: 4 total, 4 available
 Memory: 8068M
 Large Page Support: Disabled
 NUMA Support: Disabled
 Compressed Oops: Enabled (32-bit)
 Heap Region Size: 1M
 Heap Min Capacity: 8M
 Heap Initial Capacity: 128M
 Heap Max Capacity: 2018M
 Pre-touch: Disabled
 Parallel Workers: 4
 Concurrent Workers: 1
 Concurrent Refinement Workers: 4
 Periodic GC: Disabled
Heap:
 garbage-first heap   total 131072K, used 6431K [0x0000000081e00000, 0x0000000100000000)
  region size 1024K, 4 young (4096K), 4 survivors (4096K)
 Metaspace       used 15176K, capacity 15357K, committed 15488K, reserved 1071104K
  class space    used 1740K, capacity 1831K, committed 1920K, reserved 1048576K
GC Heap History (6 events):
Event: 0.475 GC heap before
{Heap before GC invocations=0 (full 0):
 garbage-first heap   total 131072K, used 12288K [0x0000000081e00000, 0x0000000100000000)
  region size 1024K, 13 young (13312K), 0 survivors (0K)
 Metaspace       used 1093K, capacity 4769K, committed 4864K, reserved 1056768K
  class space    used 93K, capacity 438K, committed 512K, reserved 1048576K
}
Event: 0.488 GC heap after
{Heap after GC invocations=1 (full 0):
 garbage-first heap   total 131072K, used 2775K [0x0000000081e00000, 0x0000000100000000)
  region size 1024K, 2 young (2048K), 2 survivors (2048K)
 Metaspace       used 1093K, capacity 4769K, committed 4864K, reserved 1056768K
  class space    used 93K, capacity 438K, committed 512K, reserved 1048576K
}
Event: 1.434 GC heap before
{Heap before GC invocations=1 (full 0):
 garbage-first heap   total 131072K, used 17111K [0x0000000081e00000, 0x0000000100000000)
  region size 1024K, 17 young (17408K), 2 survivors (2048K)
 Metaspace       used 7073K, capacity 7244K, committed 7296K, reserved 1056768K
  class space    used 782K, capacity 854K, committed 896K, reserved 1048576K
}
Event: 1.439 GC heap after
{Heap after GC invocations=2 (full 0):
 garbage-first heap   total 131072K, used 4338K [0x0000000081e00000, 0x0000000100000000)
  region size 1024K, 2 young (2048K), 2 survivors (2048K)
 Metaspace       used 7073K, capacity 7244K, committed 7296K, reserved 1056768K
  class space    used 782K, capacity 854K, committed 896K, reserved 1048576K
}
Event: 3.316 GC heap before
{Heap before GC invocations=2 (full 0):
 garbage-first heap   total 131072K, used 23794K [0x0000000081e00000, 0x0000000100000000)
  region size 1024K, 22 young (22528K), 2 survivors (2048K)
 Metaspace       used 15176K, capacity 15357K, committed 15488K, reserved 1069056K
  class space    used 1740K, capacity 1831K, committed 1920K, reserved 1048576K
}
Event: 3.325 GC heap after
{Heap after GC invocations=3 (full 0):
 garbage-first heap   total 131072K, used 6431K [0x0000000081e00000, 0x0000000100000000)
  region size 1024K, 4 young (4096K), 4 survivors (4096K)
 Metaspace       used 15176K, capacity 15357K, committed 15488K, reserved 1069056K
  class space    used 1740K, capacity 1831K, committed 1920K, reserved 1048576K
}

